[2025-06-10 12:29:28,511] 18 - root - INFO - Starting the Network Security Pipeline
[2025-06-10 12:29:28,512] 22 - root - INFO - Training Pipeline Config: <src.entity.config_entity.trainingPipelineConfig object at 0x7f1c90c0b4d0>
[2025-06-10 12:29:28,512] 26 - root - INFO - Data Ingestion Config: <src.entity.config_entity.dataIngestionConfig object at 0x7f1c93d70830>
[2025-06-10 12:29:28,512] 29 - root - INFO - Data Ingestion Config: <src.entity.config_entity.dataIngestionConfig object at 0x7f1c90c0b610>
[2025-06-10 12:29:33,915] 41 - root - INFO - Raw data fetched from MongoDB: (11055, 32)
[2025-06-10 12:29:33,916] 45 - root - INFO - Dropped '_id' column from DataFrame
[2025-06-10 12:29:33,965] 61 - root - INFO - Raw data exported to artifacts/data_ingestion/2025-06-10-12-29-26/feature_store/phisingData.csv
[2025-06-10 12:29:33,967] 71 - root - INFO - Train DataFrame Shape: (8844, 31)
[2025-06-10 12:29:33,967] 72 - root - INFO - Test DataFrame Shape: (2211, 31)
[2025-06-10 12:29:33,967] 75 - root - INFO - Train File Path: artifacts/data_ingestion/2025-06-10-12-29-26/ingested/test.csv
[2025-06-10 12:29:33,967] 76 - root - INFO - Test File Path: artifacts/data_ingestion/2025-06-10-12-29-26/ingested/train.csv
[2025-06-10 12:29:34,000] 81 - root - INFO - Train and test datasets created: artifacts/data_ingestion/2025-06-10-12-29-26/ingested/test.csv, artifacts/data_ingestion/2025-06-10-12-29-26/ingested/train.csv
[2025-06-10 12:29:34,000] 98 - root - INFO - Artifacts Entity: ArtifactsEntity(train_file_path='artifacts/data_ingestion/2025-06-10-12-29-26/ingested/test.csv', test_file_path='artifacts/data_ingestion/2025-06-10-12-29-26/ingested/train.csv')
[2025-06-10 12:29:34,014] 36 - root - INFO - Expected number of columns: 31
[2025-06-10 12:29:34,015] 37 - root - INFO - Actual number of columns: 31
[2025-06-10 12:29:34,015] 36 - root - INFO - Expected number of columns: 31
[2025-06-10 12:29:34,015] 37 - root - INFO - Actual number of columns: 31
[2025-06-10 12:29:34,015] 56 - root - INFO - Expected numerical columns: ['having_IP_Address', 'URL_Length', 'Shortining_Service', 'having_At_Symbol', 'double_slash_redirecting', 'Prefix_Suffix', 'having_Sub_Domain', 'SSLfinal_State', 'Domain_registeration_length', 'Favicon', 'port', 'HTTPS_token', 'Request_URL', 'URL_of_Anchor', 'Links_in_tags', 'SFH', 'Submitting_to_email', 'Abnormal_URL', 'Redirect', 'on_mouseover', 'RightClick', 'popUpWidnow', 'Iframe', 'age_of_domain', 'DNSRecord', 'web_traffic', 'Page_Rank', 'Google_Index', 'Links_pointing_to_page', 'Statistical_report', 'Result']
[2025-06-10 12:29:34,015] 57 - root - INFO - Actual numerical columns: ['having_IP_Address', 'URL_Length', 'Shortining_Service', 'having_At_Symbol', 'double_slash_redirecting', 'Prefix_Suffix', 'having_Sub_Domain', 'SSLfinal_State', 'Domain_registeration_length', 'Favicon', 'port', 'HTTPS_token', 'Request_URL', 'URL_of_Anchor', 'Links_in_tags', 'SFH', 'Submitting_to_email', 'Abnormal_URL', 'Redirect', 'on_mouseover', 'RightClick', 'popUpWidnow', 'Iframe', 'age_of_domain', 'DNSRecord', 'web_traffic', 'Page_Rank', 'Google_Index', 'Links_pointing_to_page', 'Statistical_report', 'Result']
[2025-06-10 12:29:34,015] 61 - root - INFO - Numerical columns validation passed.
[2025-06-10 12:29:34,016] 56 - root - INFO - Expected numerical columns: ['having_IP_Address', 'URL_Length', 'Shortining_Service', 'having_At_Symbol', 'double_slash_redirecting', 'Prefix_Suffix', 'having_Sub_Domain', 'SSLfinal_State', 'Domain_registeration_length', 'Favicon', 'port', 'HTTPS_token', 'Request_URL', 'URL_of_Anchor', 'Links_in_tags', 'SFH', 'Submitting_to_email', 'Abnormal_URL', 'Redirect', 'on_mouseover', 'RightClick', 'popUpWidnow', 'Iframe', 'age_of_domain', 'DNSRecord', 'web_traffic', 'Page_Rank', 'Google_Index', 'Links_pointing_to_page', 'Statistical_report', 'Result']
[2025-06-10 12:29:34,016] 57 - root - INFO - Actual numerical columns: ['having_IP_Address', 'URL_Length', 'Shortining_Service', 'having_At_Symbol', 'double_slash_redirecting', 'Prefix_Suffix', 'having_Sub_Domain', 'SSLfinal_State', 'Domain_registeration_length', 'Favicon', 'port', 'HTTPS_token', 'Request_URL', 'URL_of_Anchor', 'Links_in_tags', 'SFH', 'Submitting_to_email', 'Abnormal_URL', 'Redirect', 'on_mouseover', 'RightClick', 'popUpWidnow', 'Iframe', 'age_of_domain', 'DNSRecord', 'web_traffic', 'Page_Rank', 'Google_Index', 'Links_pointing_to_page', 'Statistical_report', 'Result']
[2025-06-10 12:29:34,016] 61 - root - INFO - Numerical columns validation passed.
[2025-06-10 12:29:34,072] 134 - root - INFO - Data validation passed. Saving valid data files.
[2025-06-10 12:29:34,105] 143 - root - INFO - Data validation completed successfully.
[2025-06-10 12:29:34,105] 153 - root - INFO - Data validation artifact: dataValidationArtifact(validation_status=True, valid_train_file_path='artifacts/2025-06-10-12-29-26/data_validation/validated/test.csv', valid_test_file_path='artifacts/2025-06-10-12-29-26/data_validation/validated/train.csv', invalid_train_file_path='artifacts/2025-06-10-12-29-26/data_validation/invalid/test.csv', invalid_test_file_path='artifacts/2025-06-10-12-29-26/data_validation/invalid/train.csv', drift_report_file_path='artifacts/2025-06-10-12-29-26/data_validation/drift_report/report.yaml')
[2025-06-10 12:29:34,105] 46 - root - INFO - model transformation started....
[2025-06-10 12:29:34,108] 50 - root - INFO - Entered the initiate_data_transformation method of DataTransformation class
[2025-06-10 12:29:34,108] 51 - root - INFO - Loading train and test data
[2025-06-10 12:29:34,120] 37 - root - INFO - Entered the get_data_transformation_object method of DataTransformation class
[2025-06-10 12:29:34,127] 54 - root - INFO - Entered the save_object method of MainUtils class
[2025-06-10 12:29:34,131] 58 - root - INFO - Exited the save_object method of MainUtils class
[2025-06-10 12:29:34,131] 50 - root - INFO - model transformation completed....
[2025-06-10 12:29:34,131] 53 - root - INFO - model trainer started....
