[2025-06-10 13:16:28,713] 18 - root - INFO - Starting the Network Security Pipeline
[2025-06-10 13:16:28,713] 22 - root - INFO - Training Pipeline Config: <src.entity.config_entity.trainingPipelineConfig object at 0x7fcedf7df4d0>
[2025-06-10 13:16:28,713] 26 - root - INFO - Data Ingestion Config: <src.entity.config_entity.dataIngestionConfig object at 0x7fcee293c6e0>
[2025-06-10 13:16:28,713] 29 - root - INFO - Data Ingestion Config: <src.entity.config_entity.dataIngestionConfig object at 0x7fcedf7df610>
[2025-06-10 13:16:35,948] 41 - root - INFO - Raw data fetched from MongoDB: (11055, 32)
[2025-06-10 13:16:35,949] 45 - root - INFO - Dropped '_id' column from DataFrame
[2025-06-10 13:16:36,018] 61 - root - INFO - Raw data exported to artifacts/2025-06-10-13-16-26/data_ingestion/feature_store/phisingData.csv
[2025-06-10 13:16:36,021] 71 - root - INFO - Train DataFrame Shape: (8844, 31)
[2025-06-10 13:16:36,021] 72 - root - INFO - Test DataFrame Shape: (2211, 31)
[2025-06-10 13:16:36,021] 75 - root - INFO - Train File Path: artifacts/2025-06-10-13-16-26/data_ingestion/ingested/test.csv
[2025-06-10 13:16:36,021] 76 - root - INFO - Test File Path: artifacts/2025-06-10-13-16-26/data_ingestion/ingested/train.csv
[2025-06-10 13:16:36,056] 81 - root - INFO - Train and test datasets created: artifacts/2025-06-10-13-16-26/data_ingestion/ingested/test.csv, artifacts/2025-06-10-13-16-26/data_ingestion/ingested/train.csv
[2025-06-10 13:16:36,056] 98 - root - INFO - Artifacts Entity: ArtifactsEntity(train_file_path='artifacts/2025-06-10-13-16-26/data_ingestion/ingested/test.csv', test_file_path='artifacts/2025-06-10-13-16-26/data_ingestion/ingested/train.csv')
[2025-06-10 13:16:36,076] 36 - root - INFO - Expected number of columns: 31
[2025-06-10 13:16:36,077] 37 - root - INFO - Actual number of columns: 31
[2025-06-10 13:16:36,077] 36 - root - INFO - Expected number of columns: 31
[2025-06-10 13:16:36,077] 37 - root - INFO - Actual number of columns: 31
[2025-06-10 13:16:36,082] 56 - root - INFO - Expected numerical columns: ['having_IP_Address', 'URL_Length', 'Shortining_Service', 'having_At_Symbol', 'double_slash_redirecting', 'Prefix_Suffix', 'having_Sub_Domain', 'SSLfinal_State', 'Domain_registeration_length', 'Favicon', 'port', 'HTTPS_token', 'Request_URL', 'URL_of_Anchor', 'Links_in_tags', 'SFH', 'Submitting_to_email', 'Abnormal_URL', 'Redirect', 'on_mouseover', 'RightClick', 'popUpWidnow', 'Iframe', 'age_of_domain', 'DNSRecord', 'web_traffic', 'Page_Rank', 'Google_Index', 'Links_pointing_to_page', 'Statistical_report', 'Result']
[2025-06-10 13:16:36,082] 57 - root - INFO - Actual numerical columns: ['having_IP_Address', 'URL_Length', 'Shortining_Service', 'having_At_Symbol', 'double_slash_redirecting', 'Prefix_Suffix', 'having_Sub_Domain', 'SSLfinal_State', 'Domain_registeration_length', 'Favicon', 'port', 'HTTPS_token', 'Request_URL', 'URL_of_Anchor', 'Links_in_tags', 'SFH', 'Submitting_to_email', 'Abnormal_URL', 'Redirect', 'on_mouseover', 'RightClick', 'popUpWidnow', 'Iframe', 'age_of_domain', 'DNSRecord', 'web_traffic', 'Page_Rank', 'Google_Index', 'Links_pointing_to_page', 'Statistical_report', 'Result']
[2025-06-10 13:16:36,082] 61 - root - INFO - Numerical columns validation passed.
[2025-06-10 13:16:36,082] 56 - root - INFO - Expected numerical columns: ['having_IP_Address', 'URL_Length', 'Shortining_Service', 'having_At_Symbol', 'double_slash_redirecting', 'Prefix_Suffix', 'having_Sub_Domain', 'SSLfinal_State', 'Domain_registeration_length', 'Favicon', 'port', 'HTTPS_token', 'Request_URL', 'URL_of_Anchor', 'Links_in_tags', 'SFH', 'Submitting_to_email', 'Abnormal_URL', 'Redirect', 'on_mouseover', 'RightClick', 'popUpWidnow', 'Iframe', 'age_of_domain', 'DNSRecord', 'web_traffic', 'Page_Rank', 'Google_Index', 'Links_pointing_to_page', 'Statistical_report', 'Result']
[2025-06-10 13:16:36,082] 57 - root - INFO - Actual numerical columns: ['having_IP_Address', 'URL_Length', 'Shortining_Service', 'having_At_Symbol', 'double_slash_redirecting', 'Prefix_Suffix', 'having_Sub_Domain', 'SSLfinal_State', 'Domain_registeration_length', 'Favicon', 'port', 'HTTPS_token', 'Request_URL', 'URL_of_Anchor', 'Links_in_tags', 'SFH', 'Submitting_to_email', 'Abnormal_URL', 'Redirect', 'on_mouseover', 'RightClick', 'popUpWidnow', 'Iframe', 'age_of_domain', 'DNSRecord', 'web_traffic', 'Page_Rank', 'Google_Index', 'Links_pointing_to_page', 'Statistical_report', 'Result']
[2025-06-10 13:16:36,082] 61 - root - INFO - Numerical columns validation passed.
[2025-06-10 13:16:36,143] 134 - root - INFO - Data validation passed. Saving valid data files.
[2025-06-10 13:16:36,178] 143 - root - INFO - Data validation completed successfully.
[2025-06-10 13:16:36,178] 153 - root - INFO - Data validation artifact: dataValidationArtifact(validation_status=True, valid_train_file_path='artifacts/2025-06-10-13-16-26/data_validation/validated/test.csv', valid_test_file_path='artifacts/2025-06-10-13-16-26/data_validation/validated/train.csv', invalid_train_file_path='artifacts/2025-06-10-13-16-26/data_validation/invalid/test.csv', invalid_test_file_path='artifacts/2025-06-10-13-16-26/data_validation/invalid/train.csv', drift_report_file_path='artifacts/2025-06-10-13-16-26/data_validation/drift_report/report.yaml')
[2025-06-10 13:16:36,178] 46 - root - INFO - model transformation started....
[2025-06-10 13:16:36,181] 55 - root - INFO - Entered the initiate_data_transformation method of DataTransformation class
[2025-06-10 13:16:36,181] 56 - root - INFO - Loading train and test data
[2025-06-10 13:16:36,193] 37 - root - INFO - Entered the get_data_transformation_object method of DataTransformation class
[2025-06-10 13:16:36,193] 56 - root - INFO - Entered the save_object method of MainUtils class
[2025-06-10 13:16:36,193] 60 - root - INFO - Exited the save_object method of MainUtils class
[2025-06-10 13:16:36,201] 56 - root - INFO - Entered the save_object method of MainUtils class
[2025-06-10 13:16:36,204] 60 - root - INFO - Exited the save_object method of MainUtils class
[2025-06-10 13:16:36,204] 50 - root - INFO - model transformation completed....
[2025-06-10 13:16:36,204] 53 - root - INFO - model trainer started....
[2025-06-10 13:18:52,856] 96 - root - INFO - Best model found: Random Forest with score: 0.854038691959585
[2025-06-10 13:18:53,060] 17 - root - INFO - Calculating classification metrics
[2025-06-10 13:18:53,065] 17 - root - INFO - Calculating classification metrics
[2025-06-10 13:18:58,819] 56 - root - INFO - Entered the save_object method of MainUtils class
[2025-06-10 13:18:58,865] 60 - root - INFO - Exited the save_object method of MainUtils class
