[2025-06-09 13:27:30,421] 15 - root - INFO - Starting the Network Security Pipeline
[2025-06-09 13:27:30,422] 19 - root - INFO - Training Pipeline Config: <src.entity.config_entity.trainingPipelineConfig object at 0x7fcc1e11fed0>
[2025-06-09 13:27:30,422] 23 - root - INFO - Data Ingestion Config: <src.entity.config_entity.dataIngestionConfig object at 0x7fcc1d66e900>
[2025-06-09 13:27:30,422] 29 - root - INFO - Data Ingestion Config: <src.entity.config_entity.dataIngestionConfig object at 0x7fcc1d631450>
[2025-06-09 13:27:35,815] 41 - root - INFO - Raw data fetched from MongoDB: (11055, 32)
[2025-06-09 13:27:35,816] 45 - root - INFO - Dropped '_id' column from DataFrame
[2025-06-09 13:27:35,865] 61 - root - INFO - Raw data exported to artifacts/data_ingestion/2025-06-09-13-27-29/feature_store/phisingData.csv
[2025-06-09 13:27:35,867] 71 - root - INFO - Train DataFrame Shape: (8844, 31)
[2025-06-09 13:27:35,867] 72 - root - INFO - Test DataFrame Shape: (2211, 31)
[2025-06-09 13:27:35,867] 75 - root - INFO - Train File Path: artifacts/data_ingestion/2025-06-09-13-27-29/ingested/test.csv
[2025-06-09 13:27:35,867] 76 - root - INFO - Test File Path: artifacts/data_ingestion/2025-06-09-13-27-29/ingested/train.csv
[2025-06-09 13:27:35,900] 81 - root - INFO - Train and test datasets created: artifacts/data_ingestion/2025-06-09-13-27-29/ingested/test.csv, artifacts/data_ingestion/2025-06-09-13-27-29/ingested/train.csv
[2025-06-09 13:27:35,900] 98 - root - INFO - Artifacts Entity: ArtifactsEntity(train_file_path='artifacts/data_ingestion/2025-06-09-13-27-29/ingested/test.csv', test_file_path='artifacts/data_ingestion/2025-06-09-13-27-29/ingested/train.csv')
[2025-06-09 13:27:35,914] 36 - root - INFO - Expected number of columns: 31
[2025-06-09 13:27:35,914] 37 - root - INFO - Actual number of columns: 31
[2025-06-09 13:27:35,914] 36 - root - INFO - Expected number of columns: 31
[2025-06-09 13:27:35,914] 37 - root - INFO - Actual number of columns: 31
[2025-06-09 13:27:35,915] 56 - root - INFO - Expected numerical columns: ['having_IP_Address', 'URL_Length', 'Shortining_Service', 'having_At_Symbol', 'double_slash_redirecting', 'Prefix_Suffix', 'having_Sub_Domain', 'SSLfinal_State', 'Domain_registeration_length', 'Favicon', 'port', 'HTTPS_token', 'Request_URL', 'URL_of_Anchor', 'Links_in_tags', 'SFH', 'Submitting_to_email', 'Abnormal_URL', 'Redirect', 'on_mouseover', 'RightClick', 'popUpWidnow', 'Iframe', 'age_of_domain', 'DNSRecord', 'web_traffic', 'Page_Rank', 'Google_Index', 'Links_pointing_to_page', 'Statistical_report', 'Result']
[2025-06-09 13:27:35,915] 57 - root - INFO - Actual numerical columns: ['having_IP_Address', 'URL_Length', 'Shortining_Service', 'having_At_Symbol', 'double_slash_redirecting', 'Prefix_Suffix', 'having_Sub_Domain', 'SSLfinal_State', 'Domain_registeration_length', 'Favicon', 'port', 'HTTPS_token', 'Request_URL', 'URL_of_Anchor', 'Links_in_tags', 'SFH', 'Submitting_to_email', 'Abnormal_URL', 'Redirect', 'on_mouseover', 'RightClick', 'popUpWidnow', 'Iframe', 'age_of_domain', 'DNSRecord', 'web_traffic', 'Page_Rank', 'Google_Index', 'Links_pointing_to_page', 'Statistical_report', 'Result']
[2025-06-09 13:27:35,915] 61 - root - INFO - Numerical columns validation passed.
[2025-06-09 13:27:35,915] 56 - root - INFO - Expected numerical columns: ['having_IP_Address', 'URL_Length', 'Shortining_Service', 'having_At_Symbol', 'double_slash_redirecting', 'Prefix_Suffix', 'having_Sub_Domain', 'SSLfinal_State', 'Domain_registeration_length', 'Favicon', 'port', 'HTTPS_token', 'Request_URL', 'URL_of_Anchor', 'Links_in_tags', 'SFH', 'Submitting_to_email', 'Abnormal_URL', 'Redirect', 'on_mouseover', 'RightClick', 'popUpWidnow', 'Iframe', 'age_of_domain', 'DNSRecord', 'web_traffic', 'Page_Rank', 'Google_Index', 'Links_pointing_to_page', 'Statistical_report', 'Result']
[2025-06-09 13:27:35,915] 57 - root - INFO - Actual numerical columns: ['having_IP_Address', 'URL_Length', 'Shortining_Service', 'having_At_Symbol', 'double_slash_redirecting', 'Prefix_Suffix', 'having_Sub_Domain', 'SSLfinal_State', 'Domain_registeration_length', 'Favicon', 'port', 'HTTPS_token', 'Request_URL', 'URL_of_Anchor', 'Links_in_tags', 'SFH', 'Submitting_to_email', 'Abnormal_URL', 'Redirect', 'on_mouseover', 'RightClick', 'popUpWidnow', 'Iframe', 'age_of_domain', 'DNSRecord', 'web_traffic', 'Page_Rank', 'Google_Index', 'Links_pointing_to_page', 'Statistical_report', 'Result']
[2025-06-09 13:27:35,915] 61 - root - INFO - Numerical columns validation passed.
[2025-06-09 13:27:35,981] 134 - root - INFO - Data validation passed. Saving valid data files.
[2025-06-09 13:27:36,014] 143 - root - INFO - Data validation completed successfully.
