[2025-06-10 12:29:09,822] 18 - root - INFO - Starting the Network Security Pipeline
[2025-06-10 12:29:09,822] 22 - root - INFO - Training Pipeline Config: <src.entity.config_entity.trainingPipelineConfig object at 0x7fc10e2b34d0>
[2025-06-10 12:29:09,822] 26 - root - INFO - Data Ingestion Config: <src.entity.config_entity.dataIngestionConfig object at 0x7fc111494830>
[2025-06-10 12:29:09,822] 29 - root - INFO - Data Ingestion Config: <src.entity.config_entity.dataIngestionConfig object at 0x7fc10e2b3610>
[2025-06-10 12:29:12,497] 41 - root - INFO - Raw data fetched from MongoDB: (11055, 32)
[2025-06-10 12:29:12,498] 45 - root - INFO - Dropped '_id' column from DataFrame
[2025-06-10 12:29:12,548] 61 - root - INFO - Raw data exported to artifacts/data_ingestion/2025-06-10-12-29-07/feature_store/phisingData.csv
[2025-06-10 12:29:12,550] 71 - root - INFO - Train DataFrame Shape: (8844, 31)
[2025-06-10 12:29:12,550] 72 - root - INFO - Test DataFrame Shape: (2211, 31)
[2025-06-10 12:29:12,550] 75 - root - INFO - Train File Path: artifacts/data_ingestion/2025-06-10-12-29-07/ingested/test.csv
[2025-06-10 12:29:12,550] 76 - root - INFO - Test File Path: artifacts/data_ingestion/2025-06-10-12-29-07/ingested/train.csv
[2025-06-10 12:29:12,584] 81 - root - INFO - Train and test datasets created: artifacts/data_ingestion/2025-06-10-12-29-07/ingested/test.csv, artifacts/data_ingestion/2025-06-10-12-29-07/ingested/train.csv
[2025-06-10 12:29:12,584] 98 - root - INFO - Artifacts Entity: ArtifactsEntity(train_file_path='artifacts/data_ingestion/2025-06-10-12-29-07/ingested/test.csv', test_file_path='artifacts/data_ingestion/2025-06-10-12-29-07/ingested/train.csv')
[2025-06-10 12:29:12,599] 36 - root - INFO - Expected number of columns: 31
[2025-06-10 12:29:12,599] 37 - root - INFO - Actual number of columns: 31
[2025-06-10 12:29:12,599] 36 - root - INFO - Expected number of columns: 31
[2025-06-10 12:29:12,599] 37 - root - INFO - Actual number of columns: 31
[2025-06-10 12:29:12,600] 56 - root - INFO - Expected numerical columns: ['having_IP_Address', 'URL_Length', 'Shortining_Service', 'having_At_Symbol', 'double_slash_redirecting', 'Prefix_Suffix', 'having_Sub_Domain', 'SSLfinal_State', 'Domain_registeration_length', 'Favicon', 'port', 'HTTPS_token', 'Request_URL', 'URL_of_Anchor', 'Links_in_tags', 'SFH', 'Submitting_to_email', 'Abnormal_URL', 'Redirect', 'on_mouseover', 'RightClick', 'popUpWidnow', 'Iframe', 'age_of_domain', 'DNSRecord', 'web_traffic', 'Page_Rank', 'Google_Index', 'Links_pointing_to_page', 'Statistical_report', 'Result']
[2025-06-10 12:29:12,600] 57 - root - INFO - Actual numerical columns: ['having_IP_Address', 'URL_Length', 'Shortining_Service', 'having_At_Symbol', 'double_slash_redirecting', 'Prefix_Suffix', 'having_Sub_Domain', 'SSLfinal_State', 'Domain_registeration_length', 'Favicon', 'port', 'HTTPS_token', 'Request_URL', 'URL_of_Anchor', 'Links_in_tags', 'SFH', 'Submitting_to_email', 'Abnormal_URL', 'Redirect', 'on_mouseover', 'RightClick', 'popUpWidnow', 'Iframe', 'age_of_domain', 'DNSRecord', 'web_traffic', 'Page_Rank', 'Google_Index', 'Links_pointing_to_page', 'Statistical_report', 'Result']
[2025-06-10 12:29:12,600] 61 - root - INFO - Numerical columns validation passed.
[2025-06-10 12:29:12,600] 56 - root - INFO - Expected numerical columns: ['having_IP_Address', 'URL_Length', 'Shortining_Service', 'having_At_Symbol', 'double_slash_redirecting', 'Prefix_Suffix', 'having_Sub_Domain', 'SSLfinal_State', 'Domain_registeration_length', 'Favicon', 'port', 'HTTPS_token', 'Request_URL', 'URL_of_Anchor', 'Links_in_tags', 'SFH', 'Submitting_to_email', 'Abnormal_URL', 'Redirect', 'on_mouseover', 'RightClick', 'popUpWidnow', 'Iframe', 'age_of_domain', 'DNSRecord', 'web_traffic', 'Page_Rank', 'Google_Index', 'Links_pointing_to_page', 'Statistical_report', 'Result']
[2025-06-10 12:29:12,600] 57 - root - INFO - Actual numerical columns: ['having_IP_Address', 'URL_Length', 'Shortining_Service', 'having_At_Symbol', 'double_slash_redirecting', 'Prefix_Suffix', 'having_Sub_Domain', 'SSLfinal_State', 'Domain_registeration_length', 'Favicon', 'port', 'HTTPS_token', 'Request_URL', 'URL_of_Anchor', 'Links_in_tags', 'SFH', 'Submitting_to_email', 'Abnormal_URL', 'Redirect', 'on_mouseover', 'RightClick', 'popUpWidnow', 'Iframe', 'age_of_domain', 'DNSRecord', 'web_traffic', 'Page_Rank', 'Google_Index', 'Links_pointing_to_page', 'Statistical_report', 'Result']
[2025-06-10 12:29:12,600] 61 - root - INFO - Numerical columns validation passed.
[2025-06-10 12:29:12,657] 134 - root - INFO - Data validation passed. Saving valid data files.
[2025-06-10 12:29:12,691] 143 - root - INFO - Data validation completed successfully.
[2025-06-10 12:29:12,691] 153 - root - INFO - Data validation artifact: dataValidationArtifact(validation_status=True, valid_train_file_path='artifacts/2025-06-10-12-29-07/data_validation/validated/test.csv', valid_test_file_path='artifacts/2025-06-10-12-29-07/data_validation/validated/train.csv', invalid_train_file_path='artifacts/2025-06-10-12-29-07/data_validation/invalid/test.csv', invalid_test_file_path='artifacts/2025-06-10-12-29-07/data_validation/invalid/train.csv', drift_report_file_path='artifacts/2025-06-10-12-29-07/data_validation/drift_report/report.yaml')
[2025-06-10 12:29:12,691] 46 - root - INFO - model transformation started....
[2025-06-10 12:29:12,693] 50 - root - INFO - Entered the initiate_data_transformation method of DataTransformation class
[2025-06-10 12:29:12,694] 51 - root - INFO - Loading train and test data
[2025-06-10 12:29:12,706] 37 - root - INFO - Entered the get_data_transformation_object method of DataTransformation class
[2025-06-10 12:29:12,715] 54 - root - INFO - Entered the save_object method of MainUtils class
[2025-06-10 12:29:12,718] 58 - root - INFO - Exited the save_object method of MainUtils class
[2025-06-10 12:29:12,718] 50 - root - INFO - model transformation completed....
[2025-06-10 12:29:12,718] 53 - root - INFO - model trainer started....
