[2025-06-09 11:36:39,831] 15 - root - INFO - Starting the Network Security Pipeline
[2025-06-09 11:36:39,831] 19 - root - INFO - Training Pipeline Config: <src.entity.config_entity.trainingPipelineConfig object at 0x7efe67e4fed0>
[2025-06-09 11:36:39,831] 23 - root - INFO - Data Ingestion Config: <src.entity.config_entity.dataIngestionConfig object at 0x7efe673d6900>
[2025-06-09 11:36:39,831] 29 - root - INFO - Data Ingestion Config: <src.entity.config_entity.dataIngestionConfig object at 0x7efe67395450>
[2025-06-09 11:36:42,023] 41 - root - INFO - Raw data fetched from MongoDB: (11055, 32)
[2025-06-09 11:36:42,024] 45 - root - INFO - Dropped '_id' column from DataFrame
[2025-06-09 11:36:42,067] 61 - root - INFO - Raw data exported to artifacts/data_ingestion/2025-06-09-11-36-39/feature_store/phisingData.csv
[2025-06-09 11:36:42,068] 71 - root - INFO - Train DataFrame Shape: (8844, 31)
[2025-06-09 11:36:42,069] 72 - root - INFO - Test DataFrame Shape: (2211, 31)
[2025-06-09 11:36:42,069] 75 - root - INFO - Train File Path: artifacts/data_ingestion/2025-06-09-11-36-39/ingested/test.csv
[2025-06-09 11:36:42,069] 76 - root - INFO - Test File Path: artifacts/data_ingestion/2025-06-09-11-36-39/ingested/train.csv
[2025-06-09 11:36:42,101] 81 - root - INFO - Train and test datasets created: artifacts/data_ingestion/2025-06-09-11-36-39/ingested/test.csv, artifacts/data_ingestion/2025-06-09-11-36-39/ingested/train.csv
[2025-06-09 11:36:42,101] 98 - root - INFO - Artifacts Entity: ArtifactsEntity(train_file_path='artifacts/data_ingestion/2025-06-09-11-36-39/ingested/test.csv', test_file_path='artifacts/data_ingestion/2025-06-09-11-36-39/ingested/train.csv')
[2025-06-09 11:36:42,114] 36 - root - INFO - Expected number of columns: 31
[2025-06-09 11:36:42,114] 37 - root - INFO - Actual number of columns: 31
[2025-06-09 11:36:42,114] 36 - root - INFO - Expected number of columns: 31
[2025-06-09 11:36:42,114] 37 - root - INFO - Actual number of columns: 31
[2025-06-09 11:36:42,115] 56 - root - INFO - Expected numerical columns: ['having_IP_Address', 'URL_Length', 'Shortining_Service', 'having_At_Symbol', 'double_slash_redirecting', 'Prefix_Suffix', 'having_Sub_Domain', 'SSLfinal_State', 'Domain_registeration_length', 'Favicon', 'port', 'HTTPS_token', 'Request_URL', 'URL_of_Anchor', 'Links_in_tags', 'SFH', 'Submitting_to_email', 'Abnormal_URL', 'Redirect', 'on_mouseover', 'RightClick', 'popUpWidnow', 'Iframe', 'age_of_domain', 'DNSRecord', 'web_traffic', 'Page_Rank', 'Google_Index', 'Links_pointing_to_page', 'Statistical_report', 'Result']
[2025-06-09 11:36:42,115] 57 - root - INFO - Actual numerical columns: ['having_IP_Address', 'URL_Length', 'Shortining_Service', 'having_At_Symbol', 'double_slash_redirecting', 'Prefix_Suffix', 'having_Sub_Domain', 'SSLfinal_State', 'Domain_registeration_length', 'Favicon', 'port', 'HTTPS_token', 'Request_URL', 'URL_of_Anchor', 'Links_in_tags', 'SFH', 'Submitting_to_email', 'Abnormal_URL', 'Redirect', 'on_mouseover', 'RightClick', 'popUpWidnow', 'Iframe', 'age_of_domain', 'DNSRecord', 'web_traffic', 'Page_Rank', 'Google_Index', 'Links_pointing_to_page', 'Statistical_report', 'Result']
[2025-06-09 11:36:42,115] 61 - root - INFO - Numerical columns validation passed.
[2025-06-09 11:36:42,115] 56 - root - INFO - Expected numerical columns: ['having_IP_Address', 'URL_Length', 'Shortining_Service', 'having_At_Symbol', 'double_slash_redirecting', 'Prefix_Suffix', 'having_Sub_Domain', 'SSLfinal_State', 'Domain_registeration_length', 'Favicon', 'port', 'HTTPS_token', 'Request_URL', 'URL_of_Anchor', 'Links_in_tags', 'SFH', 'Submitting_to_email', 'Abnormal_URL', 'Redirect', 'on_mouseover', 'RightClick', 'popUpWidnow', 'Iframe', 'age_of_domain', 'DNSRecord', 'web_traffic', 'Page_Rank', 'Google_Index', 'Links_pointing_to_page', 'Statistical_report', 'Result']
[2025-06-09 11:36:42,115] 57 - root - INFO - Actual numerical columns: ['having_IP_Address', 'URL_Length', 'Shortining_Service', 'having_At_Symbol', 'double_slash_redirecting', 'Prefix_Suffix', 'having_Sub_Domain', 'SSLfinal_State', 'Domain_registeration_length', 'Favicon', 'port', 'HTTPS_token', 'Request_URL', 'URL_of_Anchor', 'Links_in_tags', 'SFH', 'Submitting_to_email', 'Abnormal_URL', 'Redirect', 'on_mouseover', 'RightClick', 'popUpWidnow', 'Iframe', 'age_of_domain', 'DNSRecord', 'web_traffic', 'Page_Rank', 'Google_Index', 'Links_pointing_to_page', 'Statistical_report', 'Result']
[2025-06-09 11:36:42,115] 61 - root - INFO - Numerical columns validation passed.
