[2025-06-09 13:28:37,881] 15 - root - INFO - Starting the Network Security Pipeline
[2025-06-09 13:28:37,881] 19 - root - INFO - Training Pipeline Config: <src.entity.config_entity.trainingPipelineConfig object at 0x7f7cbc007ed0>
[2025-06-09 13:28:37,881] 23 - root - INFO - Data Ingestion Config: <src.entity.config_entity.dataIngestionConfig object at 0x7f7cbb54e900>
[2025-06-09 13:28:37,881] 29 - root - INFO - Data Ingestion Config: <src.entity.config_entity.dataIngestionConfig object at 0x7f7cbb50d450>
[2025-06-09 13:28:43,818] 41 - root - INFO - Raw data fetched from MongoDB: (11055, 32)
[2025-06-09 13:28:43,819] 45 - root - INFO - Dropped '_id' column from DataFrame
[2025-06-09 13:28:43,868] 61 - root - INFO - Raw data exported to artifacts/data_ingestion/2025-06-09-13-28-37/feature_store/phisingData.csv
[2025-06-09 13:28:43,869] 71 - root - INFO - Train DataFrame Shape: (8844, 31)
[2025-06-09 13:28:43,869] 72 - root - INFO - Test DataFrame Shape: (2211, 31)
[2025-06-09 13:28:43,869] 75 - root - INFO - Train File Path: artifacts/data_ingestion/2025-06-09-13-28-37/ingested/test.csv
[2025-06-09 13:28:43,869] 76 - root - INFO - Test File Path: artifacts/data_ingestion/2025-06-09-13-28-37/ingested/train.csv
[2025-06-09 13:28:43,902] 81 - root - INFO - Train and test datasets created: artifacts/data_ingestion/2025-06-09-13-28-37/ingested/test.csv, artifacts/data_ingestion/2025-06-09-13-28-37/ingested/train.csv
[2025-06-09 13:28:43,902] 98 - root - INFO - Artifacts Entity: ArtifactsEntity(train_file_path='artifacts/data_ingestion/2025-06-09-13-28-37/ingested/test.csv', test_file_path='artifacts/data_ingestion/2025-06-09-13-28-37/ingested/train.csv')
[2025-06-09 13:28:43,917] 36 - root - INFO - Expected number of columns: 31
[2025-06-09 13:28:43,917] 37 - root - INFO - Actual number of columns: 31
[2025-06-09 13:28:43,917] 36 - root - INFO - Expected number of columns: 31
[2025-06-09 13:28:43,917] 37 - root - INFO - Actual number of columns: 31
[2025-06-09 13:28:43,918] 56 - root - INFO - Expected numerical columns: ['having_IP_Address', 'URL_Length', 'Shortining_Service', 'having_At_Symbol', 'double_slash_redirecting', 'Prefix_Suffix', 'having_Sub_Domain', 'SSLfinal_State', 'Domain_registeration_length', 'Favicon', 'port', 'HTTPS_token', 'Request_URL', 'URL_of_Anchor', 'Links_in_tags', 'SFH', 'Submitting_to_email', 'Abnormal_URL', 'Redirect', 'on_mouseover', 'RightClick', 'popUpWidnow', 'Iframe', 'age_of_domain', 'DNSRecord', 'web_traffic', 'Page_Rank', 'Google_Index', 'Links_pointing_to_page', 'Statistical_report', 'Result']
[2025-06-09 13:28:43,918] 57 - root - INFO - Actual numerical columns: ['having_IP_Address', 'URL_Length', 'Shortining_Service', 'having_At_Symbol', 'double_slash_redirecting', 'Prefix_Suffix', 'having_Sub_Domain', 'SSLfinal_State', 'Domain_registeration_length', 'Favicon', 'port', 'HTTPS_token', 'Request_URL', 'URL_of_Anchor', 'Links_in_tags', 'SFH', 'Submitting_to_email', 'Abnormal_URL', 'Redirect', 'on_mouseover', 'RightClick', 'popUpWidnow', 'Iframe', 'age_of_domain', 'DNSRecord', 'web_traffic', 'Page_Rank', 'Google_Index', 'Links_pointing_to_page', 'Statistical_report', 'Result']
[2025-06-09 13:28:43,918] 61 - root - INFO - Numerical columns validation passed.
[2025-06-09 13:28:43,918] 56 - root - INFO - Expected numerical columns: ['having_IP_Address', 'URL_Length', 'Shortining_Service', 'having_At_Symbol', 'double_slash_redirecting', 'Prefix_Suffix', 'having_Sub_Domain', 'SSLfinal_State', 'Domain_registeration_length', 'Favicon', 'port', 'HTTPS_token', 'Request_URL', 'URL_of_Anchor', 'Links_in_tags', 'SFH', 'Submitting_to_email', 'Abnormal_URL', 'Redirect', 'on_mouseover', 'RightClick', 'popUpWidnow', 'Iframe', 'age_of_domain', 'DNSRecord', 'web_traffic', 'Page_Rank', 'Google_Index', 'Links_pointing_to_page', 'Statistical_report', 'Result']
[2025-06-09 13:28:43,918] 57 - root - INFO - Actual numerical columns: ['having_IP_Address', 'URL_Length', 'Shortining_Service', 'having_At_Symbol', 'double_slash_redirecting', 'Prefix_Suffix', 'having_Sub_Domain', 'SSLfinal_State', 'Domain_registeration_length', 'Favicon', 'port', 'HTTPS_token', 'Request_URL', 'URL_of_Anchor', 'Links_in_tags', 'SFH', 'Submitting_to_email', 'Abnormal_URL', 'Redirect', 'on_mouseover', 'RightClick', 'popUpWidnow', 'Iframe', 'age_of_domain', 'DNSRecord', 'web_traffic', 'Page_Rank', 'Google_Index', 'Links_pointing_to_page', 'Statistical_report', 'Result']
[2025-06-09 13:28:43,918] 61 - root - INFO - Numerical columns validation passed.
[2025-06-09 13:28:43,977] 134 - root - INFO - Data validation passed. Saving valid data files.
[2025-06-09 13:28:44,010] 143 - root - INFO - Data validation completed successfully.
[2025-06-09 13:28:44,010] 153 - root - INFO - Data validation artifact: dataValidationArtifact(validation_status=True, valid_train_file_path='artifacts/2025-06-09-13-28-37/data_validation/validated/test.csv', valid_test_file_path='artifacts/2025-06-09-13-28-37/data_validation/validated/train.csv', invalid_train_file_path='artifacts/2025-06-09-13-28-37/data_validation/invalid/test.csv', invalid_test_file_path='artifacts/2025-06-09-13-28-37/data_validation/invalid/train.csv', drift_report_file_path='artifacts/2025-06-09-13-28-37/data_validation/drift_report/report.yaml')
